#
# There is insufficient memory for the Java Runtime Environment to continue.
# Native memory allocation (malloc) failed to allocate 32744 bytes. Error detail: Chunk::new
# Possible reasons:
#   The system is out of physical RAM or swap space
#   This process is running with CompressedOops enabled, and the Java Heap may be blocking the growth of the native heap
# Possible solutions:
#   Reduce memory load on the system
#   Increase physical memory or swap space
#   Check if swap backing store is full
#   Decrease Java heap size (-Xmx/-Xms)
#   Decrease number of Java threads
#   Decrease Java thread stack sizes (-Xss)
#   Set larger code cache with -XX:ReservedCodeCacheSize=
#   JVM is running with Zero Based Compressed Oops mode in which the Java heap is
#     placed in the first 32GB address space. The Java Heap base address is the
#     maximum limit for the native heap growth. Please use -XX:HeapBaseMinAddress
#     to set the Java Heap base and to place the Java Heap above 32GB virtual address.
# This output file may be truncated or incomplete.
#
#  Out of Memory Error (arena.cpp:168), pid=28808, tid=36308
#
# JRE version: OpenJDK Runtime Environment Temurin-21.0.11+10 (21.0.11+10) (build 21.0.11+10-LTS)
# Java VM: OpenJDK 64-Bit Server VM Temurin-21.0.11+10 (21.0.11+10-LTS, mixed mode, sharing, tiered, compressed oops, compressed class ptrs, g1 gc, windows-amd64)
# No core dump will be written. Minidumps are not enabled by default on client versions of Windows
#

---------------  S U M M A R Y ------------

Command Line: --add-opens=java.base/java.lang=ALL-UNNAMED --add-opens=java.base/java.lang.invoke=ALL-UNNAMED --add-opens=java.base/java.util=ALL-UNNAMED --add-opens=java.prefs/java.util.prefs=ALL-UNNAMED --add-exports=jdk.compiler/com.sun.tools.javac.api=ALL-UNNAMED --add-exports=jdk.compiler/com.sun.tools.javac.util=ALL-UNNAMED --add-opens=java.base/java.util=ALL-UNNAMED --add-opens=java.prefs/java.util.prefs=ALL-UNNAMED --add-opens=java.base/java.nio.charset=ALL-UNNAMED --add-opens=java.base/java.net=ALL-UNNAMED --add-opens=java.base/java.util.concurrent.atomic=ALL-UNNAMED --add-opens=java.xml/javax.xml.namespace=ALL-UNNAMED -XX:MaxMetaspaceSize=4G -XX:ReservedCodeCacheSize=512m -XX:+HeapDumpOnOutOfMemoryError -Xmx8G -Dfile.encoding=UTF-8 -Duser.country=IN -Duser.language=en -Duser.variant -javaagent:D:\gradle_home\wrapper\dists\gradle-8.14-all\c2qonpi39x1mddn7hk5gh9iqj\gradle-8.14\lib\agents\gradle-instrumentation-agent-8.14.jar org.gradle.launcher.daemon.bootstrap.GradleDaemon 8.14

Host: AMD Ryzen 5 5600H with Radeon Graphics         , 12 cores, 7G,  Windows 11 , 64 bit Build 26100 (10.0.26100.7920)
Time: Fri Jun 19 01:19:40 2026 India Standard Time elapsed time: 31.094486 seconds (0d 0h 0m 31s)

---------------  T H R E A D  ---------------

Current thread (0x00000187fa473170):  JavaThread "C2 CompilerThread0" daemon [_thread_in_native, id=36308, stack(0x0000006229100000,0x0000006229200000) (1024K)]


Current CompileTask:
C2:31094 6920       4       org.objectweb.asm.ClassReader::readCode (5117 bytes)

Stack: [0x0000006229100000,0x0000006229200000]
Native frames: (J=compiled Java code, j=interpreted, Vv=VM code, C=native code)
V  [jvm.dll+0x6d7e19]
V  [jvm.dll+0x8b5096]
V  [jvm.dll+0x8b764e]
V  [jvm.dll+0x8b7d33]
V  [jvm.dll+0x284596]
V  [jvm.dll+0xc685d]
V  [jvm.dll+0xc6da1]
V  [jvm.dll+0x72377f]
V  [jvm.dll+0x1e4051]
V  [jvm.dll+0x24c853]
V  [jvm.dll+0x24bce0]
V  [jvm.dll+0x1cb4ae]
V  [jvm.dll+0x25baad]
V  [jvm.dll+0x25a03a]
V  [jvm.dll+0x3f868e]
V  [jvm.dll+0x85fb0d]
V  [jvm.dll+0x6d664d]
C  [ucrtbase.dll+0x37b0]
C  [KERNEL32.DLL+0x2e8d7]
C  [ntdll.dll+0x8c48c]


---------------  P R O C E S S  ---------------

Threads class SMR info:
_java_thread_list=0x00000187c128f690, length=33, elements={
0x00000187c25c8850, 0x00000187f79b5250, 0x00000187f79b6820, 0x00000187f79b9190,
0x00000187f79ba0d0, 0x00000187f79bc210, 0x00000187fa468090, 0x00000187fa473170,
0x00000187fa47ab20, 0x00000187fa5dee90, 0x00000187fa675de0, 0x0000018800097f20,
0x00000187ffe1c0f0, 0x00000187c158ce50, 0x00000187c12c9540, 0x000001880008c5e0,
0x0000018800190a50, 0x00000187ffde5c10, 0x00000187fff7fec0, 0x00000187fff7ddf0,
0x00000187fff7ca40, 0x00000187fff7d0d0, 0x00000187fff7d760, 0x00000187fff7e480,
0x00000187fff7f1a0, 0x00000187fff7f830, 0x00000187c12a90c0, 0x00000187c12a7680,
0x00000187c12aab00, 0x00000187c12a7d10, 0x00000187c12ab820, 0x00000187c12a83a0,
0x00000187c12abeb0
}

Java Threads: ( => current thread )
  0x00000187c25c8850 JavaThread "main"                              [_thread_blocked, id=34996, stack(0x0000006228300000,0x0000006228400000) (1024K)]
  0x00000187f79b5250 JavaThread "Reference Handler"          daemon [_thread_blocked, id=37512, stack(0x0000006228b00000,0x0000006228c00000) (1024K)]
  0x00000187f79b6820 JavaThread "Finalizer"                  daemon [_thread_blocked, id=13452, stack(0x0000006228c00000,0x0000006228d00000) (1024K)]
  0x00000187f79b9190 JavaThread "Signal Dispatcher"          daemon [_thread_blocked, id=15164, stack(0x0000006228d00000,0x0000006228e00000) (1024K)]
  0x00000187f79ba0d0 JavaThread "Attach Listener"            daemon [_thread_blocked, id=32820, stack(0x0000006228e00000,0x0000006228f00000) (1024K)]
  0x00000187f79bc210 JavaThread "Service Thread"             daemon [_thread_blocked, id=9328, stack(0x0000006228f00000,0x0000006229000000) (1024K)]
  0x00000187fa468090 JavaThread "Monitor Deflation Thread"   daemon [_thread_blocked, id=38060, stack(0x0000006229000000,0x0000006229100000) (1024K)]
=>0x00000187fa473170 JavaThread "C2 CompilerThread0"         daemon [_thread_in_native, id=36308, stack(0x0000006229100000,0x0000006229200000) (1024K)]
  0x00000187fa47ab20 JavaThread "C1 CompilerThread0"         daemon [_thread_blocked, id=28420, stack(0x0000006229200000,0x0000006229300000) (1024K)]
  0x00000187fa5dee90 JavaThread "Common-Cleaner"             daemon [_thread_blocked, id=27344, stack(0x0000006229300000,0x0000006229400000) (1024K)]
  0x00000187fa675de0 JavaThread "Notification Thread"        daemon [_thread_blocked, id=36544, stack(0x0000006229400000,0x0000006229500000) (1024K)]
  0x0000018800097f20 JavaThread "Daemon health stats"               [_thread_blocked, id=26264, stack(0x0000006229d00000,0x0000006229e00000) (1024K)]
  0x00000187ffe1c0f0 JavaThread "Incoming local TCP Connector on port 50591"        [_thread_in_native, id=24028, stack(0x0000006229500000,0x0000006229600000) (1024K)]
  0x00000187c158ce50 JavaThread "Daemon periodic checks"            [_thread_blocked, id=23412, stack(0x0000006229e00000,0x0000006229f00000) (1024K)]
  0x00000187c12c9540 JavaThread "Daemon"                            [_thread_blocked, id=2296, stack(0x0000006229f00000,0x000000622a000000) (1024K)]
  0x000001880008c5e0 JavaThread "Handler for socket connection from /127.0.0.1:50591 to /127.0.0.1:64997"        [_thread_in_native, id=45180, stack(0x000000622a000000,0x000000622a100000) (1024K)]
  0x0000018800190a50 JavaThread "Cancel handler"                    [_thread_blocked, id=11060, stack(0x000000622a100000,0x000000622a200000) (1024K)]
  0x00000187ffde5c10 JavaThread "Daemon worker"                     [_thread_blocked, id=44192, stack(0x000000622a200000,0x000000622a300000) (1024K)]
  0x00000187fff7fec0 JavaThread "Asynchronous log dispatcher for DefaultDaemonConnection: socket connection from /127.0.0.1:50591 to /127.0.0.1:64997"        [_thread_blocked, id=32452, stack(0x000000622a300000,0x000000622a400000) (1024K)]
  0x00000187fff7ddf0 JavaThread "Stdin handler"                     [_thread_blocked, id=6944, stack(0x000000622a400000,0x000000622a500000) (1024K)]
  0x00000187fff7ca40 JavaThread "Daemon client event forwarder"        [_thread_blocked, id=24648, stack(0x000000622a500000,0x000000622a600000) (1024K)]
  0x00000187fff7d0d0 JavaThread "Cache worker for journal cache (D:\gradle_home\caches\journal-1)"        [_thread_blocked, id=27472, stack(0x000000622a600000,0x000000622a700000) (1024K)]
  0x00000187fff7d760 JavaThread "File lock request listener"        [_thread_in_native, id=37336, stack(0x000000622a700000,0x000000622a800000) (1024K)]
  0x00000187fff7e480 JavaThread "Cache worker for file hash cache (D:\gradle_home\caches\8.14\fileHashes)"        [_thread_blocked, id=1536, stack(0x000000622a900000,0x000000622aa00000) (1024K)]
  0x00000187fff7f1a0 JavaThread "File lock release action executor"        [_thread_blocked, id=32544, stack(0x000000622aa00000,0x000000622ab00000) (1024K)]
  0x00000187fff7f830 JavaThread "Cache worker for file hash cache (D:\PROJECTS\ApexStride\mobile\android\.gradle\8.14\fileHashes)"        [_thread_blocked, id=5652, stack(0x000000622af00000,0x000000622b000000) (1024K)]
  0x00000187c12a90c0 JavaThread "Cache worker for Build Output Cleanup Cache (D:\PROJECTS\ApexStride\mobile\android\.gradle\buildOutputCleanup)"        [_thread_blocked, id=19624, stack(0x000000622b000000,0x000000622b100000) (1024K)]
  0x00000187c12a7680 JavaThread "File watcher server"        daemon [_thread_in_native, id=16204, stack(0x000000622b100000,0x000000622b200000) (1024K)]
  0x00000187c12aab00 JavaThread "File watcher consumer"      daemon [_thread_blocked, id=4868, stack(0x000000622b200000,0x000000622b300000) (1024K)]
  0x00000187c12a7d10 JavaThread "jar transforms"                    [_thread_blocked, id=4024, stack(0x000000622a800000,0x000000622a900000) (1024K)]
  0x00000187c12ab820 JavaThread "jar transforms Thread 2"           [_thread_blocked, id=41528, stack(0x000000622b300000,0x000000622b400000) (1024K)]
  0x00000187c12a83a0 JavaThread "Cache worker for checksums cache (D:\PROJECTS\ApexStride\mobile\android\.gradle\8.14\checksums)"        [_thread_blocked, id=36816, stack(0x000000622b400000,0x000000622b500000) (1024K)]
  0x00000187c12abeb0 JavaThread "Cache worker for file content cache (D:\gradle_home\caches\8.14\fileContent)"        [_thread_blocked, id=17056, stack(0x000000622b500000,0x000000622b600000) (1024K)]
Total: 33

Other Threads:
  0x00000187f7995710 VMThread "VM Thread"                           [id=35776, stack(0x0000006228a00000,0x0000006228b00000) (1024K)]
  0x00000187f79873f0 WatcherThread "VM Periodic Task Thread"        [id=35040, stack(0x0000006228900000,0x0000006228a00000) (1024K)]
  0x00000187c49da560 WorkerThread "GC Thread#0"                     [id=36248, stack(0x0000006228400000,0x0000006228500000) (1024K)]
  0x00000187fa7f5f50 WorkerThread "GC Thread#1"                     [id=43468, stack(0x0000006229600000,0x0000006229700000) (1024K)]
  0x00000187ff08e470 WorkerThread "GC Thread#2"                     [id=34772, stack(0x0000006229700000,0x0000006229800000) (1024K)]
  0x00000187c13950a0 WorkerThread "GC Thread#3"                     [id=34312, stack(0x0000006229800000,0x0000006229900000) (1024K)]
  0x00000187c1395450 WorkerThread "GC Thread#4"                     [id=34240, stack(0x0000006229900000,0x0000006229a00000) (1024K)]
  0x00000187ffe1cc50 WorkerThread "GC Thread#5"                     [id=11476, stack(0x0000006229a00000,0x0000006229b00000) (1024K)]
  0x00000187c1f29750 WorkerThread "GC Thread#6"                     [id=29272, stack(0x0000006229b00000,0x0000006229c00000) (1024K)]
  0x00000187ffd3a3e0 WorkerThread "GC Thread#7"                     [id=43756, stack(0x0000006229c00000,0x0000006229d00000) (1024K)]
  0x00000187c1bb9ec0 WorkerThread "GC Thread#8"                     [id=32912, stack(0x000000622ab00000,0x000000622ac00000) (1024K)]
  0x00000187c1bba270 WorkerThread "GC Thread#9"                     [id=32568, stack(0x000000622ac00000,0x000000622ad00000) (1024K)]
  0x00000187c49ec2e0 ConcurrentGCThread "G1 Main Marker"            [id=39100, stack(0x0000006228500000,0x0000006228600000) (1024K)]
  0x00000187c49ee4b0 WorkerThread "G1 Conc#0"                       [id=2232, stack(0x0000006228600000,0x0000006228700000) (1024K)]
  0x00000188002e1150 WorkerThread "G1 Conc#1"                       [id=45468, stack(0x000000622ad00000,0x000000622ae00000) (1024K)]
  0x00000188002e48a0 WorkerThread "G1 Conc#2"                       [id=43172, stack(0x000000622ae00000,0x000000622af00000) (1024K)]
  0x00000187f7858780 ConcurrentGCThread "G1 Refine#0"               [id=35664, stack(0x0000006228700000,0x0000006228800000) (1024K)]
  0x00000187f785a0c0 ConcurrentGCThread "G1 Service"                [id=30212, stack(0x0000006228800000,0x0000006228900000) (1024K)]
Total: 18

Threads with active compile tasks:
C2 CompilerThread0  31714 6920       4       org.objectweb.asm.ClassReader::readCode (5117 bytes)
Total: 1

VM state: at safepoint (normal execution)

VM Mutex/Monitor currently owned by a thread:  ([mutex/lock_event])
[0x00007ffed4d3f570] Threads_lock - owner thread: 0x00000187f7995710
[0x00007ffed4d3f670] Heap_lock - owner thread: 0x00000187ffde5c10

Heap address: 0x0000000600000000, size: 8192 MB, Compressed Oops mode: Zero based, Oop shift amount: 3

CDS archive(s) mapped at: [0x0000018780000000-0x0000018780c80000-0x0000018780c80000), size 13107200, SharedBaseAddress: 0x0000018780000000, ArchiveRelocationMode: 1.
Compressed class space mapped at: 0x0000018781000000-0x00000187c1000000, reserved size: 1073741824
Narrow klass base: 0x0000018780000000, Narrow klass shift: 0, Narrow klass range: 0x100000000

GC Precious Log:
 CardTable entry size: 512
 Card Set container configuration: InlinePtr #cards 4 size 8 Array Of Cards #cards 32 size 80 Howl #buckets 8 coarsen threshold 7372 Howl Bitmap #cards 1024 size 144 coarsen threshold 921 Card regions per heap region 1 cards per card region 8192
 CPUs: 12 total, 12 available
 Memory: 7518M
 Large Page Support: Disabled
 NUMA Support: Disabled
 Compressed Oops: Enabled (Zero based)
 Heap Region Size: 4M
 Heap Min Capacity: 8M
 Heap Initial Capacity: 120M
 Heap Max Capacity: 8G
 Pre-touch: Disabled
 Parallel Workers: 10
 Concurrent Workers: 3
 Concurrent Refinement Workers: 10
 Periodic GC: Disabled

Heap:
 garbage-first heap   total 217088K, used 51384K [0x0000000600000000, 0x0000000800000000)
  region size 4096K, 3 young (12288K), 3 survivors (12288K)
 Metaspace       used 47018K, committed 48192K, reserved 1114112K
  class space    used 6429K, committed 6976K, reserved 1048576K

Heap Regions: E=young(eden), S=young(survivor), O=old, HS=humongous(starts), HC=humongous(continues), CS=collection set, F=free, TAMS=top-at-mark-start, PB=parsable bottom
|   0|0x0000000600000000, 0x0000000600400000, 0x0000000600400000|100%|HS|  |TAMS 0x0000000600000000| PB 0x0000000600000000| Complete 
|   1|0x0000000600400000, 0x0000000600800000, 0x0000000600800000|100%| O|  |TAMS 0x0000000600400000| PB 0x0000000600400000| Untracked 
|   2|0x0000000600800000, 0x0000000600c00000, 0x0000000600c00000|100%| O|  |TAMS 0x0000000600800000| PB 0x0000000600800000| Untracked 
|   3|0x0000000600c00000, 0x0000000601000000, 0x0000000601000000|100%| O|  |TAMS 0x0000000600c00000| PB 0x0000000600c00000| Untracked 
|   4|0x0000000601000000, 0x0000000601400000, 0x0000000601400000|100%| O|  |TAMS 0x0000000601000000| PB 0x0000000601000000| Untracked 
|   5|0x0000000601400000, 0x0000000601800000, 0x0000000601800000|100%| O|  |TAMS 0x0000000601400000| PB 0x0000000601400000| Untracked 
|   6|0x0000000601800000, 0x0000000601c00000, 0x0000000601c00000|100%| O|  |TAMS 0x0000000601800000| PB 0x0000000601800000| Untracked 
|   7|0x0000000601c00000, 0x0000000602000000, 0x0000000602000000|100%| O|  |TAMS 0x0000000601c00000| PB 0x0000000601c00000| Untracked 
|   8|0x0000000602000000, 0x0000000602400000, 0x0000000602400000|100%| O|  |TAMS 0x0000000602000000| PB 0x0000000602000000| Untracked 
|   9|0x0000000602400000, 0x0000000602800000, 0x0000000602800000|100%| O|  |TAMS 0x0000000602400000| PB 0x0000000602400000| Untracked 
|  10|0x0000000602800000, 0x00000006029e2648, 0x0000000602c00000| 47%| O|  |TAMS 0x0000000602800000| PB 0x0000000602800000| Untracked 
|  11|0x0000000602c00000, 0x0000000602c00000, 0x0000000603000000|  0%| F|  |TAMS 0x0000000602c00000| PB 0x0000000602c00000| Untracked 
|  12|0x0000000603000000, 0x0000000603000000, 0x0000000603400000|  0%| F|  |TAMS 0x0000000603000000| PB 0x0000000603000000| Untracked 
|  13|0x0000000603400000, 0x0000000603400000, 0x0000000603800000|  0%| F|  |TAMS 0x0000000603400000| PB 0x0000000603400000| Untracked 
|  14|0x0000000603800000, 0x0000000603800000, 0x0000000603c00000|  0%| F|  |TAMS 0x0000000603800000| PB 0x0000000603800000| Untracked 
|  15|0x0000000603c00000, 0x0000000603c00000, 0x0000000604000000|  0%| F|  |TAMS 0x0000000603c00000| PB 0x0000000603c00000| Untracked 
|  16|0x0000000604000000, 0x0000000604000000, 0x0000000604400000|  0%| F|  |TAMS 0x0000000604000000| PB 0x0000000604000000| Untracked 
|  17|0x0000000604400000, 0x0000000604400000, 0x0000000604800000|  0%| F|  |TAMS 0x0000000604400000| PB 0x0000000604400000| Untracked 
|  18|0x0000000604800000, 0x0000000604800000, 0x0000000604c00000|  0%| F|  |TAMS 0x0000000604800000| PB 0x0000000604800000| Untracked 
|  19|0x0000000604c00000, 0x0000000604c00000, 0x0000000605000000|  0%| F|  |TAMS 0x0000000604c00000| PB 0x0000000604c00000| Untracked 
|  20|0x0000000605000000, 0x000000060504bdb0, 0x0000000605400000|  7%| S|CS|TAMS 0x0000000605000000| PB 0x0000000605000000| Complete 
|  21|0x0000000605400000, 0x0000000605800000, 0x0000000605800000|100%| S|CS|TAMS 0x0000000605400000| PB 0x0000000605400000| Complete 
|  22|0x0000000605800000, 0x0000000605800000, 0x0000000605c00000|  0%| F|  |TAMS 0x0000000605800000| PB 0x0000000605800000| Untracked 
|  23|0x0000000605c00000, 0x0000000605c00000, 0x0000000606000000|  0%| F|  |TAMS 0x0000000605c00000| PB 0x0000000605c00000| Untracked 
|  24|0x0000000606000000, 0x0000000606400000, 0x0000000606400000|100%| S|CS|TAMS 0x0000000606000000| PB 0x0000000606000000| Complete 
|  25|0x0000000606400000, 0x0000000606400000, 0x0000000606800000|  0%| F|  |TAMS 0x0000000606400000| PB 0x0000000606400000| Untracked 
|  26|0x0000000606800000, 0x0000000606800000, 0x0000000606c00000|  0%| F|  |TAMS 0x0000000606800000| PB 0x0000000606800000| Untracked 
|  27|0x0000000606c00000, 0x0000000606c00000, 0x0000000607000000|  0%| F|  |TAMS 0x0000000606c00000| PB 0x0000000606c00000| Untracked 
|  28|0x0000000607000000, 0x0000000607000000, 0x0000000607400000|  0%| F|  |TAMS 0x0000000607000000| PB 0x0000000607000000| Untracked 
|  29|0x0000000607400000, 0x0000000607400000, 0x0000000607800000|  0%| F|  |TAMS 0x0000000607400000| PB 0x0000000607400000| Untracked 
|  30|0x0000000607800000, 0x0000000607800000, 0x0000000607c00000|  0%| F|  |TAMS 0x0000000607800000| PB 0x0000000607800000| Untracked 
|  31|0x0000000607c00000, 0x0000000607c00000, 0x0000000608000000|  0%| F|  |TAMS 0x0000000607c00000| PB 0x0000000607c00000| Untracked 
|  32|0x0000000608000000, 0x0000000608000000, 0x0000000608400000|  0%| F|  |TAMS 0x0000000608000000| PB 0x0000000608000000| Untracked 
|  33|0x0000000608400000, 0x0000000608400000, 0x0000000608800000|  0%| F|  |TAMS 0x0000000608400000| PB 0x0000000608400000| Untracked 
|  34|0x0000000608800000, 0x0000000608800000, 0x0000000608c00000|  0%| F|  |TAMS 0x0000000608800000| PB 0x0000000608800000| Untracked 
|  35|0x0000000608c00000, 0x0000000608c00000, 0x0000000609000000|  0%| F|  |TAMS 0x0000000608c00000| PB 0x0000000608c00000| Untracked 
|  36|0x0000000609000000, 0x0000000609000000, 0x0000000609400000|  0%| F|  |TAMS 0x0000000609000000| PB 0x0000000609000000| Untracked 
|  37|0x0000000609400000, 0x0000000609400000, 0x0000000609800000|  0%| F|  |TAMS 0x0000000609400000| PB 0x0000000609400000| Untracked 
|  38|0x0000000609800000, 0x0000000609800000, 0x0000000609c00000|  0%| F|  |TAMS 0x0000000609800000| PB 0x0000000609800000| Untracked 
|  39|0x0000000609c00000, 0x0000000609c00000, 0x000000060a000000|  0%| F|  |TAMS 0x0000000609c00000| PB 0x0000000609c00000| Untracked 
|  40|0x000000060a000000, 0x000000060a000000, 0x000000060a400000|  0%| F|  |TAMS 0x000000060a000000| PB 0x000000060a000000| Untracked 
|  41|0x000000060a400000, 0x000000060a400000, 0x000000060a800000|  0%| F|  |TAMS 0x000000060a400000| PB 0x000000060a400000| Untracked 
|  42|0x000000060a800000, 0x000000060a800000, 0x000000060ac00000|  0%| F|  |TAMS 0x000000060a800000| PB 0x000000060a800000| Untracked 
|  43|0x000000060ac00000, 0x000000060ac00000, 0x000000060b000000|  0%| F|  |TAMS 0x000000060ac00000| PB 0x000000060ac00000| Untracked 
|  44|0x000000060b000000, 0x000000060b000000, 0x000000060b400000|  0%| F|  |TAMS 0x000000060b000000| PB 0x000000060b000000| Untracked 
|  45|0x000000060b400000, 0x000000060b400000, 0x000000060b800000|  0%| F|  |TAMS 0x000000060b400000| PB 0x000000060b400000| Untracked 
|  46|0x000000060b800000, 0x000000060b800000, 0x000000060bc00000|  0%| F|  |TAMS 0x000000060b800000| PB 0x000000060b800000| Untracked 
|  47|0x000000060bc00000, 0x000000060bc00000, 0x000000060c000000|  0%| F|  |TAMS 0x000000060bc00000| PB 0x000000060bc00000| Untracked 
|  48|0x000000060c000000, 0x000000060c000000, 0x000000060c400000|  0%| F|  |TAMS 0x000000060c000000| PB 0x000000060c000000| Untracked 
|  49|0x000000060c400000, 0x000000060c400000, 0x000000060c800000|  0%| F|  |TAMS 0x000000060c400000| PB 0x000000060c400000| Untracked 
|  50|0x000000060c800000, 0x000000060c800000, 0x000000060cc00000|  0%| F|  |TAMS 0x000000060c800000| PB 0x000000060c800000| Untracked 
|  51|0x000000060cc00000, 0x000000060cc00000, 0x000000060d000000|  0%| F|  |TAMS 0x000000060cc00000| PB 0x000000060cc00000| Untracked 
|  52|0x000000060d000000, 0x000000060d000000, 0x000000060d400000|  0%| F|  |TAMS 0x000000060d000000| PB 0x000000060d000000| Untracked 

Card table byte_map: [0x00000187ee7c0000,0x00000187ef7c0000] _byte_map_base: 0x00000187eb7c0000

Marking Bits: (CMBitMap*) 0x00000187c49dab80
 Bits: [0x00000187ef7c0000, 0x00000187f77c0000)

Polling page: 0x00000187c2780000

Metaspace:

Usage:
  Non-class:     39.64 MB used.
      Class:      6.28 MB used.
       Both:     45.92 MB used.

Virtual space:
  Non-class space:       64.00 MB reserved,      40.25 MB ( 63%) committed,  1 nodes.
      Class space:        1.00 GB reserved,       6.81 MB ( <1%) committed,  1 nodes.
             Both:        1.06 GB reserved,      47.06 MB (  4%) committed. 

Chunk freelists:
   Non-Class:  7.35 MB
       Class:  9.02 MB
        Both:  16.36 MB

MaxMetaspaceSize: 4.00 GB
CompressedClassSpaceSize: 1.00 GB
Initial GC threshold: 21.00 MB
Current GC threshold: 58.88 MB
CDS: on
 - commit_granule_bytes: 65536.
 - commit_granule_words: 8192.
 - virtual_space_node_default_size: 8388608.
 - enlarge_chunks_in_place: 1.
 - use_allocation_guard: 0.


Internal statistics:

num_allocs_failed_limit: 6.
num_arena_births: 1978.
num_arena_deaths: 0.
num_vsnodes_births: 2.
num_vsnodes_deaths: 0.
num_space_committed: 753.
num_space_uncommitted: 0.
num_chunks_returned_to_freelist: 6.
num_chunks_taken_from_freelist: 3928.
num_chunk_merges: 6.
num_chunk_splits: 2611.
num_chunks_enlarged: 1704.
num_inconsistent_stats: 0.

CodeHeap 'non-profiled nmethods': size=259264Kb used=5723Kb max_used=5723Kb free=253540Kb
 bounds [0x00000187dd320000, 0x00000187dd8c0000, 0x00000187ed050000]
CodeHeap 'profiled nmethods': size=259264Kb used=12951Kb max_used=12951Kb free=246312Kb
 bounds [0x00000187cd050000, 0x00000187cdd00000, 0x00000187dcd80000]
CodeHeap 'non-nmethods': size=5760Kb used=2599Kb max_used=2697Kb free=3161Kb
 bounds [0x00000187dcd80000, 0x00000187dd030000, 0x00000187dd320000]
CodeCache: size=524288Kb, used=21273Kb, max_used=21371Kb, free=503013Kb
 total_blobs=7306, nmethods=6437, adapters=773, full_count=0
Compilation: enabled, stopped_count=0, restarted_count=0

Compilation events (20 events):
Event: 29.857 Thread 0x00000187fa473170 6920       4       org.objectweb.asm.ClassReader::readCode (5117 bytes)
Event: 29.872 Thread 0x00000187fa47a450 nmethod 6909 0x00000187dd8a7990 code [0x00000187dd8a7e00, 0x00000187dd8ab508]
Event: 29.872 Thread 0x00000187fa47a450 6921       4       org.objectweb.asm.AnnotationWriter::computeAnnotationsSize (66 bytes)
Event: 29.874 Thread 0x00000187fa47a450 nmethod 6921 0x00000187dd8ad210 code [0x00000187dd8ad3c0, 0x00000187dd8ad508]
Event: 29.874 Thread 0x00000187fa47a450 6919       4       org.objectweb.asm.Handler::getExceptionTableSize (10 bytes)
Event: 29.876 Thread 0x00000187fa47a450 nmethod 6919 0x00000187dd8ad690 code [0x00000187dd8ad820, 0x00000187dd8ad8c0]
Event: 30.315 Thread 0x00000187fa47a450 6922       4       org.objectweb.asm.MethodWriter::putMethodInfo (1274 bytes)
Event: 30.580 Thread 0x00000187fa47a450 nmethod 6922 0x00000187dd8ade10 code [0x00000187dd8ae5a0, 0x00000187dd8b2248]
Event: 30.605 Thread 0x00000187fa47a450 6924       4       org.objectweb.asm.MethodWriter::computeMethodInfoSize (571 bytes)
Event: 30.632 Thread 0x00000187fa47a450 nmethod 6924 0x00000187dd8b4b90 code [0x00000187dd8b4e80, 0x00000187dd8b58e8]
Event: 30.743 Thread 0x00000187fa47ab20 6925       3       java.util.ComparableTimSort::countRunAndMakeAscending (123 bytes)
Event: 30.744 Thread 0x00000187fa47ab20 nmethod 6925 0x00000187cdcee090 code [0x00000187cdcee2e0, 0x00000187cdceed20]
Event: 30.759 Thread 0x00000187fa47ab20 6926       3       javax.management.ObjectName::setCanonicalName (251 bytes)
Event: 30.760 Thread 0x00000187fa47ab20 nmethod 6926 0x00000187cdcef010 code [0x00000187cdcef2a0, 0x00000187cdcf0280]
Event: 30.767 Thread 0x00000187fa47ab20 6927       3       javax.management.ObjectName::isPropertyListPattern (17 bytes)
Event: 30.767 Thread 0x00000187fa47ab20 nmethod 6927 0x00000187cdcf0890 code [0x00000187cdcf0a20, 0x00000187cdcf0b88]
Event: 30.984 Thread 0x00000187fa47ab20 6928       3       java.lang.invoke.LambdaForm$DMH/0x0000018781174000::newInvokeSpecial (30 bytes)
Event: 30.985 Thread 0x00000187fa47ab20 nmethod 6928 0x00000187cdcf0c10 code [0x00000187cdcf0e00, 0x00000187cdcf15a0]
Event: 31.067 Thread 0x00000187fa47ab20 6929       1       org.gradle.internal.operations.OperationIdentifier::getId (5 bytes)
Event: 31.067 Thread 0x00000187fa47ab20 nmethod 6929 0x00000187dd8b6190 code [0x00000187dd8b6320, 0x00000187dd8b63e8]

GC Heap History (20 events):
Event: 25.736 GC heap before
{Heap before GC invocations=26 (full 0):
 garbage-first heap   total 180224K, used 143229K [0x0000000600000000, 0x0000000800000000)
  region size 4096K, 26 young (106496K), 2 survivors (8192K)
 Metaspace       used 47004K, committed 48192K, reserved 1114112K
  class space    used 6429K, committed 6976K, reserved 1048576K
}
Event: 25.742 GC heap after
{Heap after GC invocations=27 (full 0):
 garbage-first heap   total 180224K, used 45741K [0x0000000600000000, 0x0000000800000000)
  region size 4096K, 2 young (8192K), 2 survivors (8192K)
 Metaspace       used 47004K, committed 48192K, reserved 1114112K
  class space    used 6429K, committed 6976K, reserved 1048576K
}
Event: 26.181 GC heap before
{Heap before GC invocations=27 (full 0):
 garbage-first heap   total 180224K, used 144045K [0x0000000600000000, 0x0000000800000000)
  region size 4096K, 26 young (106496K), 2 survivors (8192K)
 Metaspace       used 47005K, committed 48192K, reserved 1114112K
  class space    used 6429K, committed 6976K, reserved 1048576K
}
Event: 26.187 GC heap after
{Heap after GC invocations=28 (full 0):
 garbage-first heap   total 180224K, used 46296K [0x0000000600000000, 0x0000000800000000)
  region size 4096K, 2 young (8192K), 2 survivors (8192K)
 Metaspace       used 47005K, committed 48192K, reserved 1114112K
  class space    used 6429K, committed 6976K, reserved 1048576K
}
Event: 26.842 GC heap before
{Heap before GC invocations=28 (full 0):
 garbage-first heap   total 180224K, used 144600K [0x0000000600000000, 0x0000000800000000)
  region size 4096K, 26 young (106496K), 2 survivors (8192K)
 Metaspace       used 47009K, committed 48192K, reserved 1114112K
  class space    used 6429K, committed 6976K, reserved 1048576K
}
Event: 26.848 GC heap after
{Heap after GC invocations=29 (full 0):
 garbage-first heap   total 180224K, used 47261K [0x0000000600000000, 0x0000000800000000)
  region size 4096K, 2 young (8192K), 2 survivors (8192K)
 Metaspace       used 47009K, committed 48192K, reserved 1114112K
  class space    used 6429K, committed 6976K, reserved 1048576K
}
Event: 27.410 GC heap before
{Heap before GC invocations=29 (full 0):
 garbage-first heap   total 180224K, used 145565K [0x0000000600000000, 0x0000000800000000)
  region size 4096K, 26 young (106496K), 2 survivors (8192K)
 Metaspace       used 47009K, committed 48192K, reserved 1114112K
  class space    used 6429K, committed 6976K, reserved 1048576K
}
Event: 27.416 GC heap after
{Heap after GC invocations=30 (full 0):
 garbage-first heap   total 180224K, used 47482K [0x0000000600000000, 0x0000000800000000)
  region size 4096K, 2 young (8192K), 2 survivors (8192K)
 Metaspace       used 47009K, committed 48192K, reserved 1114112K
  class space    used 6429K, committed 6976K, reserved 1048576K
}
Event: 28.100 GC heap before
{Heap before GC invocations=30 (full 0):
 garbage-first heap   total 180224K, used 145786K [0x0000000600000000, 0x0000000800000000)
  region size 4096K, 26 young (106496K), 2 survivors (8192K)
 Metaspace       used 47010K, committed 48192K, reserved 1114112K
  class space    used 6429K, committed 6976K, reserved 1048576K
}
Event: 28.106 GC heap after
{Heap after GC invocations=31 (full 0):
 garbage-first heap   total 180224K, used 48686K [0x0000000600000000, 0x0000000800000000)
  region size 4096K, 3 young (12288K), 3 survivors (12288K)
 Metaspace       used 47010K, committed 48192K, reserved 1114112K
  class space    used 6429K, committed 6976K, reserved 1048576K
}
Event: 28.374 GC heap before
{Heap before GC invocations=31 (full 0):
 garbage-first heap   total 180224K, used 142894K [0x0000000600000000, 0x0000000800000000)
  region size 4096K, 26 young (106496K), 3 survivors (12288K)
 Metaspace       used 47013K, committed 48192K, reserved 1114112K
  class space    used 6429K, committed 6976K, reserved 1048576K
}
Event: 28.379 GC heap after
{Heap after GC invocations=32 (full 0):
 garbage-first heap   total 180224K, used 48139K [0x0000000600000000, 0x0000000800000000)
  region size 4096K, 2 young (8192K), 2 survivors (8192K)
 Metaspace       used 47013K, committed 48192K, reserved 1114112K
  class space    used 6429K, committed 6976K, reserved 1048576K
}
Event: 28.666 GC heap before
{Heap before GC invocations=32 (full 0):
 garbage-first heap   total 180224K, used 146443K [0x0000000600000000, 0x0000000800000000)
  region size 4096K, 26 young (106496K), 2 survivors (8192K)
 Metaspace       used 47013K, committed 48192K, reserved 1114112K
  class space    used 6429K, committed 6976K, reserved 1048576K
}
Event: 28.672 GC heap after
{Heap after GC invocations=33 (full 0):
 garbage-first heap   total 217088K, used 48327K [0x0000000600000000, 0x0000000800000000)
  region size 4096K, 2 young (8192K), 2 survivors (8192K)
 Metaspace       used 47013K, committed 48192K, reserved 1114112K
  class space    used 6429K, committed 6976K, reserved 1048576K
}
Event: 29.120 GC heap before
{Heap before GC invocations=33 (full 0):
 garbage-first heap   total 217088K, used 167111K [0x0000000600000000, 0x0000000800000000)
  region size 4096K, 31 young (126976K), 2 survivors (8192K)
 Metaspace       used 47016K, committed 48192K, reserved 1114112K
  class space    used 6429K, committed 6976K, reserved 1048576K
}
Event: 29.126 GC heap after
{Heap after GC invocations=34 (full 0):
 garbage-first heap   total 217088K, used 49147K [0x0000000600000000, 0x0000000800000000)
  region size 4096K, 2 young (8192K), 2 survivors (8192K)
 Metaspace       used 47016K, committed 48192K, reserved 1114112K
  class space    used 6429K, committed 6976K, reserved 1048576K
}
Event: 29.577 GC heap before
{Heap before GC invocations=34 (full 0):
 garbage-first heap   total 217088K, used 167931K [0x0000000600000000, 0x0000000800000000)
  region size 4096K, 31 young (126976K), 2 survivors (8192K)
 Metaspace       used 47016K, committed 48192K, reserved 1114112K
  class space    used 6429K, committed 6976K, reserved 1048576K
}
Event: 29.585 GC heap after
{Heap after GC invocations=35 (full 0):
 garbage-first heap   total 217088K, used 49795K [0x0000000600000000, 0x0000000800000000)
  region size 4096K, 2 young (8192K), 2 survivors (8192K)
 Metaspace       used 47016K, committed 48192K, reserved 1114112K
  class space    used 6429K, committed 6976K, reserved 1048576K
}
Event: 30.470 GC heap before
{Heap before GC invocations=35 (full 0):
 garbage-first heap   total 217088K, used 168579K [0x0000000600000000, 0x0000000800000000)
  region size 4096K, 31 young (126976K), 2 survivors (8192K)
 Metaspace       used 47016K, committed 48192K, reserved 1114112K
  class space    used 6429K, committed 6976K, reserved 1048576K
}
Event: 30.481 GC heap after
{Heap after GC invocations=36 (full 0):
 garbage-first heap   total 217088K, used 51011K [0x0000000600000000, 0x0000000800000000)
  region size 4096K, 3 young (12288K), 3 survivors (12288K)
 Metaspace       used 47016K, committed 48192K, reserved 1114112K
  class space    used 6429K, committed 6976K, reserved 1048576K
}

Dll operation events (15 events):
Event: 0.025 Loaded shared library C:\Users\ANISH\AppData\Roaming\Code\User\globalStorage\pleiades.java-extension-pack-jdk\java\21\bin\java.dll
Event: 0.078 Loaded shared library C:\Users\ANISH\AppData\Roaming\Code\User\globalStorage\pleiades.java-extension-pack-jdk\java\21\bin\jsvml.dll
Event: 0.150 Loaded shared library C:\Users\ANISH\AppData\Roaming\Code\User\globalStorage\pleiades.java-extension-pack-jdk\java\21\bin\zip.dll
Event: 0.158 Loaded shared library C:\Users\ANISH\AppData\Roaming\Code\User\globalStorage\pleiades.java-extension-pack-jdk\java\21\bin\instrument.dll
Event: 0.169 Loaded shared library C:\Users\ANISH\AppData\Roaming\Code\User\globalStorage\pleiades.java-extension-pack-jdk\java\21\bin\net.dll
Event: 0.175 Loaded shared library C:\Users\ANISH\AppData\Roaming\Code\User\globalStorage\pleiades.java-extension-pack-jdk\java\21\bin\nio.dll
Event: 0.183 Loaded shared library C:\Users\ANISH\AppData\Roaming\Code\User\globalStorage\pleiades.java-extension-pack-jdk\java\21\bin\zip.dll
Event: 0.555 Loaded shared library C:\Users\ANISH\AppData\Roaming\Code\User\globalStorage\pleiades.java-extension-pack-jdk\java\21\bin\jimage.dll
Event: 0.827 Loaded shared library C:\Users\ANISH\AppData\Roaming\Code\User\globalStorage\pleiades.java-extension-pack-jdk\java\21\bin\verify.dll
Event: 1.036 Loaded shared library D:\gradle_home\native\1def1411415f61bf3af743bc5b6707747c0891f09f0c88961ee8f79bc544acac\windows-amd64\native-platform.dll
Event: 1.059 Loaded shared library D:\gradle_home\native\0.2.7\x86_64-windows-gnu\gradle-fileevents.dll
Event: 2.651 Loaded shared library C:\Users\ANISH\AppData\Roaming\Code\User\globalStorage\pleiades.java-extension-pack-jdk\java\21\bin\management.dll
Event: 2.660 Loaded shared library C:\Users\ANISH\AppData\Roaming\Code\User\globalStorage\pleiades.java-extension-pack-jdk\java\21\bin\management_ext.dll
Event: 3.046 Loaded shared library C:\Users\ANISH\AppData\Roaming\Code\User\globalStorage\pleiades.java-extension-pack-jdk\java\21\bin\extnet.dll
Event: 3.870 Loaded shared library C:\Users\ANISH\AppData\Roaming\Code\User\globalStorage\pleiades.java-extension-pack-jdk\java\21\bin\sunmscapi.dll

Deoptimization events (20 events):
Event: 30.298 Thread 0x00000187ffde5c10 DEOPT PACKING pc=0x00000187cdcddcd2 sp=0x000000622a2f7c20
Event: 30.298 Thread 0x00000187ffde5c10 DEOPT UNPACKING pc=0x00000187dcdd4bc2 sp=0x000000622a2f7330 mode 0
Event: 30.320 Thread 0x00000187ffde5c10 DEOPT PACKING pc=0x00000187cdcdee99 sp=0x000000622a2f7c20
Event: 30.320 Thread 0x00000187ffde5c10 DEOPT UNPACKING pc=0x00000187dcdd4bc2 sp=0x000000622a2f7330 mode 0
Event: 30.715 Thread 0x00000187ffde5c10 DEOPT PACKING pc=0x00000187cdcddcd2 sp=0x000000622a2f7c20
Event: 30.715 Thread 0x00000187ffde5c10 DEOPT UNPACKING pc=0x00000187dcdd4bc2 sp=0x000000622a2f7330 mode 0
Event: 30.935 Thread 0x00000187ffde5c10 DEOPT PACKING pc=0x00000187cdcddcd2 sp=0x000000622a2f7c20
Event: 30.935 Thread 0x00000187ffde5c10 DEOPT UNPACKING pc=0x00000187dcdd4bc2 sp=0x000000622a2f7330 mode 0
Event: 30.995 Thread 0x00000187ffde5c10 DEOPT PACKING pc=0x00000187cdcdee99 sp=0x000000622a2f7c20
Event: 30.995 Thread 0x00000187ffde5c10 DEOPT UNPACKING pc=0x00000187dcdd4bc2 sp=0x000000622a2f7330 mode 0
Event: 31.021 Thread 0x00000187ffde5c10 DEOPT PACKING pc=0x00000187cdcdee99 sp=0x000000622a2f7c20
Event: 31.021 Thread 0x00000187ffde5c10 DEOPT UNPACKING pc=0x00000187dcdd4bc2 sp=0x000000622a2f7330 mode 0
Event: 31.032 Thread 0x00000187ffde5c10 DEOPT PACKING pc=0x00000187cdcddcd2 sp=0x000000622a2f7c20
Event: 31.032 Thread 0x00000187ffde5c10 DEOPT UNPACKING pc=0x00000187dcdd4bc2 sp=0x000000622a2f7330 mode 0
Event: 31.047 Thread 0x00000187ffde5c10 DEOPT PACKING pc=0x00000187cdcdee99 sp=0x000000622a2f7c20
Event: 31.047 Thread 0x00000187ffde5c10 DEOPT UNPACKING pc=0x00000187dcdd4bc2 sp=0x000000622a2f7330 mode 0
Event: 31.062 Thread 0x00000187ffde5c10 DEOPT PACKING pc=0x00000187cdcddcd2 sp=0x000000622a2f7c20
Event: 31.062 Thread 0x00000187ffde5c10 DEOPT UNPACKING pc=0x00000187dcdd4bc2 sp=0x000000622a2f7330 mode 0
Event: 31.076 Thread 0x00000187ffde5c10 DEOPT PACKING pc=0x00000187cdcddcd2 sp=0x000000622a2f7c20
Event: 31.077 Thread 0x00000187ffde5c10 DEOPT UNPACKING pc=0x00000187dcdd4bc2 sp=0x000000622a2f7330 mode 0

Classes loaded (20 events):
Event: 15.345 Loading class java/lang/invoke/BoundMethodHandle$Species_LLLLLLLLLLLLLLLLLLLLLLLLL
Event: 15.345 Loading class java/lang/invoke/BoundMethodHandle$Species_LLLLLLLLLLLLLLLLLLLLLLLLL done
Event: 15.348 Loading class java/lang/invoke/BoundMethodHandle$Species_LLLLLLLLLLLLLLLLLLLLLLLLLL
Event: 15.348 Loading class java/lang/invoke/BoundMethodHandle$Species_LLLLLLLLLLLLLLLLLLLLLLLLLL done
Event: 19.782 Loading class java/nio/charset/UnsupportedCharsetException
Event: 19.782 Loading class java/nio/charset/UnsupportedCharsetException done
Event: 19.784 Loading class java/util/Collections$UnmodifiableSortedMap
Event: 19.785 Loading class java/util/Collections$UnmodifiableSortedMap done
Event: 19.788 Loading class java/util/zip/Deflater
Event: 19.788 Loading class java/util/zip/Deflater done
Event: 19.792 Loading class java/util/zip/Deflater$DeflaterZStreamRef
Event: 19.792 Loading class java/util/zip/Deflater$DeflaterZStreamRef done
Event: 19.801 Loading class java/util/zip/ZipFile$ZipEntryIterator
Event: 19.802 Loading class java/util/zip/ZipFile$ZipEntryIterator done
Event: 19.850 Loading class java/nio/StringCharBuffer
Event: 19.851 Loading class java/nio/StringCharBuffer done
Event: 21.040 Loading class java/lang/foreign/MemorySegment
Event: 21.044 Loading class java/lang/foreign/MemorySegment done
Event: 23.359 Loading class java/util/regex/Pattern$Caret
Event: 23.359 Loading class java/util/regex/Pattern$Caret done

Classes unloaded (0 events):
No events

Classes redefined (0 events):
No events

Internal exceptions (20 events):
Event: 15.057 Thread 0x00000187ffde5c10 Exception <a 'java/lang/ClassNotFoundException'{0x00000006031eeb00}: org/gradle/invocation/DefaultGradle_DecoratedCustomizer> (0x00000006031eeb00) 
thrown [s\src\hotspot\share\classfile\systemDictionary.cpp, line 313]
Event: 15.220 Thread 0x00000187ffde5c10 Exception <a 'java/lang/NoSuchMethodError'{0x0000000607f05890}: 'java.lang.Object java.lang.invoke.DirectMethodHandle$Holder.newInvokeSpecial(java.lang.Object, java.lang.Object, int, int)'> (0x0000000607f05890) 
thrown [s\src\hotspot\share\interpreter\linkResolver.cpp, line 773]
Event: 15.228 Thread 0x00000187ffde5c10 Exception <a 'java/lang/NoSuchMethodError'{0x0000000607f40f50}: 'void java.lang.invoke.DirectMethodHandle$Holder.invokeSpecial(java.lang.Object, java.lang.Object, int)'> (0x0000000607f40f50) 
thrown [s\src\hotspot\share\interpreter\linkResolver.cpp, line 773]
Event: 15.229 Thread 0x00000187ffde5c10 Exception <a 'java/lang/NoSuchMethodError'{0x0000000607f451f8}: 'void java.lang.invoke.Invokers$Holder.invokeExact_MT(java.lang.Object, int, java.lang.Object)'> (0x0000000607f451f8) 
thrown [s\src\hotspot\share\interpreter\linkResolver.cpp, line 773]
Event: 15.233 Thread 0x00000187ffde5c10 Exception <a 'java/lang/IncompatibleClassChangeError'{0x0000000607f5ac58}: Found class java.lang.Object, but interface was expected> (0x0000000607f5ac58) 
thrown [s\src\hotspot\share\interpreter\linkResolver.cpp, line 840]
Event: 15.265 Thread 0x00000187ffde5c10 Exception <a 'sun/nio/fs/WindowsException'{0x00000006070442f0}> (0x00000006070442f0) 
thrown [s\src\hotspot\share\prims\jni.cpp, line 520]
Event: 15.265 Thread 0x00000187ffde5c10 Exception <a 'sun/nio/fs/WindowsException'{0x0000000607045748}> (0x0000000607045748) 
thrown [s\src\hotspot\share\prims\jni.cpp, line 520]
Event: 15.266 Thread 0x00000187ffde5c10 Exception <a 'sun/nio/fs/WindowsException'{0x0000000607046b60}> (0x0000000607046b60) 
thrown [s\src\hotspot\share\prims\jni.cpp, line 520]
Event: 15.266 Thread 0x00000187ffde5c10 Exception <a 'sun/nio/fs/WindowsException'{0x0000000607047c10}> (0x0000000607047c10) 
thrown [s\src\hotspot\share\prims\jni.cpp, line 520]
Event: 15.300 Thread 0x00000187ffde5c10 Exception <a 'java/lang/NoSuchMethodError'{0x0000000607177278}: 'java.lang.Object java.lang.invoke.Invokers$Holder.invoker(java.lang.Object, java.lang.Object, java.lang.Object, java.lang.Object, java.lang.Object, java.lang.Object)'> (0x0000000607177278) 
thrown [s\src\hotspot\share\interpreter\linkResolver.cpp, line 773]
Event: 15.335 Thread 0x00000187ffde5c10 Exception <a 'java/lang/NoSuchMethodError'{0x000000060729bd00}: 'java.lang.Object java.lang.invoke.DirectMethodHandle$Holder.invokeSpecial(java.lang.Object, java.lang.Object, java.lang.Object, java.lang.Object, java.lang.Object, java.lang.Object, java.lang.Object, java.lang.Object, java.lang.Object, java.lang.Object, java.lang.Object, java.lang.Object, java.lang.Object, java.lang.Object, java.lang.Object, java.lang.Object, java.lang.Object, java.lang.Object, java.lang.Object, java.lang.Object, java.lang.Ob
Event: 15.336 Thread 0x00000187ffde5c10 Exception <a 'java/lang/NoSuchMethodError'{0x00000006072a1dd8}: 'java.lang.Object java.lang.invoke.DelegatingMethodHandle$Holder.reinvoke_L(java.lang.Object, java.lang.Object, java.lang.Object, java.lang.Object, java.lang.Object, java.lang.Object, java.lang.Object, java.lang.Object, java.lang.Object, java.lang.Object, java.lang.Object, java.lang.Object, java.lang.Object, java.lang.Object, java.lang.Object, java.lang.Object, java.lang.Object, java.lang.Object, java.lang.Object, java.lang.Object, java.lang.O
Event: 15.337 Thread 0x00000187ffde5c10 Exception <a 'java/lang/NoSuchMethodError'{0x00000006072acfc0}: 'java.lang.Object java.lang.invoke.Invokers$Holder.invoker(java.lang.Object, java.lang.Object, java.lang.Object, java.lang.Object, java.lang.Object, java.lang.Object, java.lang.Object, java.lang.Object, java.lang.Object, java.lang.Object, java.lang.Object, java.lang.Object, java.lang.Object, java.lang.Object, java.lang.Object, java.lang.Object, java.lang.Object, java.lang.Object, java.lang.Object, java.lang.Object, java.lang.Object, java.lang.
Event: 15.337 Thread 0x00000187ffde5c10 Exception <a 'java/lang/NoSuchMethodError'{0x00000006072b3948}: 'java.lang.Object java.lang.invoke.DelegatingMethodHandle$Holder.delegate(java.lang.Object, java.lang.Object, java.lang.Object, java.lang.Object, java.lang.Object, java.lang.Object, java.lang.Object, java.lang.Object, java.lang.Object, java.lang.Object, java.lang.Object, java.lang.Object, java.lang.Object, java.lang.Object, java.lang.Object, java.lang.Object, java.lang.Object, java.lang.Object, java.lang.Object, java.lang.Object, java.lang.Obj
Event: 15.347 Thread 0x00000187ffde5c10 Exception <a 'java/lang/NoSuchMethodError'{0x0000000607388188}: 'java.lang.Object java.lang.invoke.DirectMethodHandle$Holder.invokeStatic(java.lang.Object, java.lang.Object, java.lang.Object, java.lang.Object, java.lang.Object, java.lang.Object, java.lang.Object, java.lang.Object, java.lang.Object, java.lang.Object, java.lang.Object, java.lang.Object, java.lang.Object, java.lang.Object, java.lang.Object, java.lang.Object, java.lang.Object, java.lang.Object, java.lang.Object, java.lang.Object, java.lang.Obj
Event: 15.349 Thread 0x00000187ffde5c10 Exception <a 'java/lang/NoSuchMethodError'{0x00000006073bd478}: 'java.lang.Object java.lang.invoke.DirectMethodHandle$Holder.invokeStatic(java.lang.Object, java.lang.Object, java.lang.Object, java.lang.Object, java.lang.Object, java.lang.Object, java.lang.Object, java.lang.Object, java.lang.Object, java.lang.Object, java.lang.Object, java.lang.Object, java.lang.Object, java.lang.Object, java.lang.Object, java.lang.Object, java.lang.Object, java.lang.Object, java.lang.Object, java.lang.Object, java.lang.Obj
Event: 19.770 Thread 0x00000187ffde5c10 Exception <a 'sun/nio/fs/WindowsException'{0x00000006052aa7b0}> (0x00000006052aa7b0) 
thrown [s\src\hotspot\share\prims\jni.cpp, line 520]
Event: 19.770 Thread 0x00000187ffde5c10 Exception <a 'sun/nio/fs/WindowsException'{0x00000006052abd60}> (0x00000006052abd60) 
thrown [s\src\hotspot\share\prims\jni.cpp, line 520]
Event: 19.804 Thread 0x00000187ffde5c10 Implicit null exception at 0x00000187dd505fef to 0x00000187dd506b9c
Event: 23.078 Thread 0x00000187ffde5c10 Implicit null exception at 0x00000187dd7394c7 to 0x00000187dd73b4a4

ZGC Phase Switch (0 events):
No events

VM Operations (20 events):
Event: 25.735 Executing safepoint VM operation: G1CollectForAllocation (G1 Evacuation Pause)
Event: 25.742 Executing safepoint VM operation: G1CollectForAllocation (G1 Evacuation Pause) done
Event: 26.181 Executing safepoint VM operation: G1CollectForAllocation (G1 Evacuation Pause)
Event: 26.187 Executing safepoint VM operation: G1CollectForAllocation (G1 Evacuation Pause) done
Event: 26.842 Executing safepoint VM operation: G1CollectForAllocation (G1 Evacuation Pause)
Event: 26.848 Executing safepoint VM operation: G1CollectForAllocation (G1 Evacuation Pause) done
Event: 27.410 Executing safepoint VM operation: G1CollectForAllocation (G1 Evacuation Pause)
Event: 27.416 Executing safepoint VM operation: G1CollectForAllocation (G1 Evacuation Pause) done
Event: 28.100 Executing safepoint VM operation: G1CollectForAllocation (G1 Evacuation Pause)
Event: 28.106 Executing safepoint VM operation: G1CollectForAllocation (G1 Evacuation Pause) done
Event: 28.374 Executing safepoint VM operation: G1CollectForAllocation (G1 Evacuation Pause)
Event: 28.379 Executing safepoint VM operation: G1CollectForAllocation (G1 Evacuation Pause) done
Event: 28.666 Executing safepoint VM operation: G1CollectForAllocation (G1 Evacuation Pause)
Event: 28.672 Executing safepoint VM operation: G1CollectForAllocation (G1 Evacuation Pause) done
Event: 29.120 Executing safepoint VM operation: G1CollectForAllocation (G1 Evacuation Pause)
Event: 29.126 Executing safepoint VM operation: G1CollectForAllocation (G1 Evacuation Pause) done
Event: 29.577 Executing safepoint VM operation: G1CollectForAllocation (G1 Evacuation Pause)
Event: 29.585 Executing safepoint VM operation: G1CollectForAllocation (G1 Evacuation Pause) done
Event: 30.470 Executing safepoint VM operation: G1CollectForAllocation (G1 Evacuation Pause)
Event: 30.481 Executing safepoint VM operation: G1CollectForAllocation (G1 Evacuation Pause) done

Memory protections (0 events):
No events

Nmethod flushes (20 events):
Event: 12.751 Thread 0x00000187f7995710 flushing  nmethod 0x00000187cd0a2b10
Event: 12.751 Thread 0x00000187f7995710 flushing  nmethod 0x00000187cd0a3610
Event: 12.751 Thread 0x00000187f7995710 flushing  nmethod 0x00000187cd0a3990
Event: 12.751 Thread 0x00000187f7995710 flushing  nmethod 0x00000187cd0a4890
Event: 12.751 Thread 0x00000187f7995710 flushing  nmethod 0x00000187cd0a5190
Event: 12.751 Thread 0x00000187f7995710 flushing  nmethod 0x00000187cd0a6290
Event: 12.751 Thread 0x00000187f7995710 flushing  nmethod 0x00000187cd0a7010
Event: 12.751 Thread 0x00000187f7995710 flushing  nmethod 0x00000187cd0a7690
Event: 12.751 Thread 0x00000187f7995710 flushing  nmethod 0x00000187cd0a7e10
Event: 12.751 Thread 0x00000187f7995710 flushing  nmethod 0x00000187cd0f6710
Event: 12.751 Thread 0x00000187f7995710 flushing  nmethod 0x00000187cd0f6e90
Event: 12.751 Thread 0x00000187f7995710 flushing  nmethod 0x00000187cd0fc390
Event: 12.751 Thread 0x00000187f7995710 flushing  nmethod 0x00000187cd225c90
Event: 12.751 Thread 0x00000187f7995710 flushing  nmethod 0x00000187cd22ac90
Event: 12.751 Thread 0x00000187f7995710 flushing  nmethod 0x00000187cd22d390
Event: 12.751 Thread 0x00000187f7995710 flushing  nmethod 0x00000187cd22ea10
Event: 12.751 Thread 0x00000187f7995710 flushing  nmethod 0x00000187cd25ed90
Event: 12.751 Thread 0x00000187f7995710 flushing  nmethod 0x00000187cd265a90
Event: 12.751 Thread 0x00000187f7995710 flushing  nmethod 0x00000187cd26a490
Event: 12.751 Thread 0x00000187f7995710 flushing  nmethod 0x00000187cd480110

Events (20 events):
Event: 5.231 Thread 0x00000187fa47ab20 Thread added: 0x00000187fa4796b0
Event: 5.272 Thread 0x00000187ffde5c10 Thread added: 0x00000187fff7e480
Event: 5.732 Thread 0x00000187fff7d760 Thread added: 0x00000187fff7f1a0
Event: 7.310 Thread 0x00000187ffde5c10 Thread added: 0x00000187fff7f830
Event: 7.369 Thread 0x00000187ffde5c10 Thread added: 0x00000187c12a90c0
Event: 7.861 Thread 0x00000187ffde5c10 Thread added: 0x00000187c12a7680
Event: 7.878 Thread 0x00000187ffde5c10 Thread added: 0x00000187c12aab00
Event: 8.977 Thread 0x00000187fa4796b0 Thread exited: 0x00000187fa4796b0
Event: 9.630 Thread 0x00000187fa473170 Thread added: 0x00000187fa4796b0
Event: 12.523 Thread 0x00000187fa4796b0 Thread exited: 0x00000187fa4796b0
Event: 12.682 Thread 0x00000187ffde5c10 Thread added: 0x00000187c12a7d10
Event: 14.517 Thread 0x00000187ffde5c10 Thread added: 0x00000187c12ab820
Event: 14.776 Thread 0x00000187ffde5c10 Thread added: 0x00000187c12a83a0
Event: 14.835 Thread 0x00000187ffde5c10 Thread added: 0x00000187c12abeb0
Event: 19.875 Thread 0x00000187fa473170 Thread added: 0x00000187fa478fe0
Event: 19.998 Thread 0x00000187fa478fe0 Thread added: 0x00000187fa478910
Event: 28.626 Thread 0x00000187fa478910 Thread exited: 0x00000187fa478910
Event: 28.626 Thread 0x00000187fa478fe0 Thread exited: 0x00000187fa478fe0
Event: 29.660 Thread 0x00000187fa47ab20 Thread added: 0x00000187fa47a450
Event: 30.743 Thread 0x00000187fa47a450 Thread exited: 0x00000187fa47a450


Dynamic libraries:
0x00007ff7f0000000 - 0x00007ff7f000e000 	C:\Users\ANISH\AppData\Roaming\Code\User\globalStorage\pleiades.java-extension-pack-jdk\java\21\bin\java.exe
0x00007ffff2f00000 - 0x00007ffff3167000 	C:\WINDOWS\SYSTEM32\ntdll.dll
0x00007ffff1180000 - 0x00007ffff1249000 	C:\WINDOWS\System32\KERNEL32.DLL
0x00007fffefb80000 - 0x00007fffeff71000 	C:\WINDOWS\System32\KERNELBASE.dll
0x00007ffff02e0000 - 0x00007ffff042b000 	C:\WINDOWS\System32\ucrtbase.dll
0x00007fff71f20000 - 0x00007fff71f3e000 	C:\Users\ANISH\AppData\Roaming\Code\User\globalStorage\pleiades.java-extension-pack-jdk\java\21\bin\VCRUNTIME140.dll
0x00007fff71df0000 - 0x00007fff71e08000 	C:\Users\ANISH\AppData\Roaming\Code\User\globalStorage\pleiades.java-extension-pack-jdk\java\21\bin\jli.dll
0x00007ffff2190000 - 0x00007ffff2355000 	C:\WINDOWS\System32\USER32.dll
0x00007ffff02b0000 - 0x00007ffff02d7000 	C:\WINDOWS\System32\win32u.dll
0x00007fffd00b0000 - 0x00007fffd0343000 	C:\WINDOWS\WinSxS\amd64_microsoft.windows.common-controls_6595b64144ccf1df_6.0.26100.7922_none_3e089e1ee3342171\COMCTL32.dll
0x00007ffff2660000 - 0x00007ffff268b000 	C:\WINDOWS\System32\GDI32.dll
0x00007ffff2e10000 - 0x00007ffff2eb9000 	C:\WINDOWS\System32\msvcrt.dll
0x00007ffff0180000 - 0x00007ffff02aa000 	C:\WINDOWS\System32\gdi32full.dll
0x00007fffef8a0000 - 0x00007fffef943000 	C:\WINDOWS\System32\msvcp_win.dll
0x00007ffff1430000 - 0x00007ffff1461000 	C:\WINDOWS\System32\IMM32.DLL
0x00007fffa4930000 - 0x00007fffa493c000 	C:\Users\ANISH\AppData\Roaming\Code\User\globalStorage\pleiades.java-extension-pack-jdk\java\21\bin\vcruntime140_1.dll
0x00007fff31260000 - 0x00007fff312ed000 	C:\Users\ANISH\AppData\Roaming\Code\User\globalStorage\pleiades.java-extension-pack-jdk\java\21\bin\msvcp140.dll
0x00007ffed4080000 - 0x00007ffed4e22000 	C:\Users\ANISH\AppData\Roaming\Code\User\globalStorage\pleiades.java-extension-pack-jdk\java\21\bin\server\jvm.dll
0x00007ffff2050000 - 0x00007ffff210b000 	C:\WINDOWS\System32\ADVAPI32.dll
0x00007ffff1c20000 - 0x00007ffff1cc7000 	C:\WINDOWS\System32\sechost.dll
0x00007ffff1cd0000 - 0x00007ffff1de8000 	C:\WINDOWS\System32\RPCRT4.dll
0x00007ffff2110000 - 0x00007ffff2184000 	C:\WINDOWS\System32\WS2_32.dll
0x00007fffef640000 - 0x00007fffef69e000 	C:\WINDOWS\SYSTEM32\POWRPROF.dll
0x00007fffe6460000 - 0x00007fffe646b000 	C:\WINDOWS\SYSTEM32\VERSION.dll
0x00007fffe4ff0000 - 0x00007fffe5025000 	C:\WINDOWS\SYSTEM32\WINMM.dll
0x00007fffef620000 - 0x00007fffef634000 	C:\WINDOWS\SYSTEM32\UMPDC.dll
0x00007fffee570000 - 0x00007fffee58b000 	C:\WINDOWS\SYSTEM32\kernel.appcore.dll
0x00007fffa44f0000 - 0x00007fffa44fa000 	C:\Users\ANISH\AppData\Roaming\Code\User\globalStorage\pleiades.java-extension-pack-jdk\java\21\bin\jimage.dll
0x00007fffe53a0000 - 0x00007fffe55e2000 	C:\WINDOWS\SYSTEM32\DBGHELP.DLL
0x00007ffff0da0000 - 0x00007ffff1122000 	C:\WINDOWS\System32\combase.dll
0x00007ffff1b40000 - 0x00007ffff1c17000 	C:\WINDOWS\System32\OLEAUT32.dll
0x00007fffe4840000 - 0x00007fffe487b000 	C:\WINDOWS\SYSTEM32\dbgcore.DLL
0x00007fffefad0000 - 0x00007fffefb75000 	C:\WINDOWS\System32\bcryptPrimitives.dll
0x00007fffa31f0000 - 0x00007fffa31ff000 	C:\Users\ANISH\AppData\Roaming\Code\User\globalStorage\pleiades.java-extension-pack-jdk\java\21\bin\instrument.dll
0x00007fff6ac20000 - 0x00007fff6ac40000 	C:\Users\ANISH\AppData\Roaming\Code\User\globalStorage\pleiades.java-extension-pack-jdk\java\21\bin\java.dll
0x00007ffff26a0000 - 0x00007ffff2dff000 	C:\WINDOWS\System32\SHELL32.dll
0x00007fffeff80000 - 0x00007ffff00ea000 	C:\WINDOWS\System32\wintypes.dll
0x00007ffff0430000 - 0x00007ffff0c94000 	C:\WINDOWS\System32\windows.storage.dll
0x00007ffff0ca0000 - 0x00007ffff0d97000 	C:\WINDOWS\System32\SHCORE.dll
0x00007ffff1fd0000 - 0x00007ffff2037000 	C:\WINDOWS\System32\shlwapi.dll
0x00007fffef700000 - 0x00007fffef729000 	C:\WINDOWS\SYSTEM32\profapi.dll
0x00007fff30a20000 - 0x00007fff30af7000 	C:\Users\ANISH\AppData\Roaming\Code\User\globalStorage\pleiades.java-extension-pack-jdk\java\21\bin\jsvml.dll
0x00007fff5a9b0000 - 0x00007fff5a9c8000 	C:\Users\ANISH\AppData\Roaming\Code\User\globalStorage\pleiades.java-extension-pack-jdk\java\21\bin\zip.dll
0x00007fffa2f30000 - 0x00007fffa2f40000 	C:\Users\ANISH\AppData\Roaming\Code\User\globalStorage\pleiades.java-extension-pack-jdk\java\21\bin\net.dll
0x00007fffe8f40000 - 0x00007fffe9067000 	C:\WINDOWS\SYSTEM32\WINHTTP.dll
0x00007fffeeae0000 - 0x00007fffeeb4b000 	C:\WINDOWS\system32\mswsock.dll
0x00007fff58090000 - 0x00007fff580a6000 	C:\Users\ANISH\AppData\Roaming\Code\User\globalStorage\pleiades.java-extension-pack-jdk\java\21\bin\nio.dll
0x00007fffa23c0000 - 0x00007fffa23d0000 	C:\Users\ANISH\AppData\Roaming\Code\User\globalStorage\pleiades.java-extension-pack-jdk\java\21\bin\verify.dll
0x00007fffce500000 - 0x00007fffce527000 	D:\gradle_home\native\1def1411415f61bf3af743bc5b6707747c0891f09f0c88961ee8f79bc544acac\windows-amd64\native-platform.dll
0x00007fff3fc30000 - 0x00007fff3fca8000 	D:\gradle_home\native\0.2.7\x86_64-windows-gnu\gradle-fileevents.dll
0x00007fffa3ad0000 - 0x00007fffa3ada000 	C:\Users\ANISH\AppData\Roaming\Code\User\globalStorage\pleiades.java-extension-pack-jdk\java\21\bin\management.dll
0x00007fffa0f00000 - 0x00007fffa0f0c000 	C:\Users\ANISH\AppData\Roaming\Code\User\globalStorage\pleiades.java-extension-pack-jdk\java\21\bin\management_ext.dll
0x00007ffff1ae0000 - 0x00007ffff1ae8000 	C:\WINDOWS\System32\PSAPI.DLL
0x00007fffedff0000 - 0x00007fffee023000 	C:\WINDOWS\SYSTEM32\IPHLPAPI.DLL
0x00007ffff1a50000 - 0x00007ffff1a5a000 	C:\WINDOWS\System32\NSI.dll
0x00007fff9ddb0000 - 0x00007fff9ddb9000 	C:\Users\ANISH\AppData\Roaming\Code\User\globalStorage\pleiades.java-extension-pack-jdk\java\21\bin\extnet.dll
0x00007fffeedd0000 - 0x00007fffeedeb000 	C:\WINDOWS\SYSTEM32\CRYPTSP.dll
0x00007fffee4d0000 - 0x00007fffee509000 	C:\WINDOWS\system32\rsaenh.dll
0x00007fffeeb90000 - 0x00007fffeebc2000 	C:\WINDOWS\SYSTEM32\USERENV.dll
0x00007fffef6d0000 - 0x00007fffef6fa000 	C:\WINDOWS\SYSTEM32\bcrypt.dll
0x00007fffeedc0000 - 0x00007fffeedcc000 	C:\WINDOWS\SYSTEM32\CRYPTBASE.dll
0x00007fff9d290000 - 0x00007fff9d29e000 	C:\Users\ANISH\AppData\Roaming\Code\User\globalStorage\pleiades.java-extension-pack-jdk\java\21\bin\sunmscapi.dll
0x00007fffef950000 - 0x00007fffefac7000 	C:\WINDOWS\System32\CRYPT32.dll
0x00007fffeefe0000 - 0x00007fffef010000 	C:\WINDOWS\SYSTEM32\ncrypt.dll
0x00007fffeef90000 - 0x00007fffeefcf000 	C:\WINDOWS\SYSTEM32\NTASN1.dll
0x00007fff62190000 - 0x00007fff62198000 	C:\WINDOWS\system32\wshunix.dll

JVMTI agents:
D:\gradle_home\wrapper\dists\gradle-8.14-all\c2qonpi39x1mddn7hk5gh9iqj\gradle-8.14\lib\agents\gradle-instrumentation-agent-8.14.jar path:C:\Users\ANISH\AppData\Roaming\Code\User\globalStorage\pleiades.java-extension-pack-jdk\java\21\bin\instrument.dll, loaded, initialized, instrumentlib options:none

dbghelp: loaded successfully - version: 4.0.5 - missing functions: none
symbol engine: initialized successfully - sym options: 0x614 - pdb path: .;C:\Users\ANISH\AppData\Roaming\Code\User\globalStorage\pleiades.java-extension-pack-jdk\java\21\bin;C:\WINDOWS\SYSTEM32;C:\WINDOWS\WinSxS\amd64_microsoft.windows.common-controls_6595b64144ccf1df_6.0.26100.7922_none_3e089e1ee3342171;C:\Users\ANISH\AppData\Roaming\Code\User\globalStorage\pleiades.java-extension-pack-jdk\java\21\bin\server;D:\gradle_home\native\1def1411415f61bf3af743bc5b6707747c0891f09f0c88961ee8f79bc544acac\windows-amd64;D:\gradle_home\native\0.2.7\x86_64-windows-gnu

VM Arguments:
jvm_args: --add-opens=java.base/java.lang=ALL-UNNAMED --add-opens=java.base/java.lang.invoke=ALL-UNNAMED --add-opens=java.base/java.util=ALL-UNNAMED --add-opens=java.prefs/java.util.prefs=ALL-UNNAMED --add-exports=jdk.compiler/com.sun.tools.javac.api=ALL-UNNAMED --add-exports=jdk.compiler/com.sun.tools.javac.util=ALL-UNNAMED --add-opens=java.base/java.util=ALL-UNNAMED --add-opens=java.prefs/java.util.prefs=ALL-UNNAMED --add-opens=java.base/java.nio.charset=ALL-UNNAMED --add-opens=java.base/java.net=ALL-UNNAMED --add-opens=java.base/java.util.concurrent.atomic=ALL-UNNAMED --add-opens=java.xml/javax.xml.namespace=ALL-UNNAMED -XX:MaxMetaspaceSize=4G -XX:ReservedCodeCacheSize=512m -XX:+HeapDumpOnOutOfMemoryError -Xmx8G -Dfile.encoding=UTF-8 -Duser.country=IN -Duser.language=en -Duser.variant -javaagent:D:\gradle_home\wrapper\dists\gradle-8.14-all\c2qonpi39x1mddn7hk5gh9iqj\gradle-8.14\lib\agents\gradle-instrumentation-agent-8.14.jar 
java_command: org.gradle.launcher.daemon.bootstrap.GradleDaemon 8.14
java_class_path (initial): D:\gradle_home\wrapper\dists\gradle-8.14-all\c2qonpi39x1mddn7hk5gh9iqj\gradle-8.14\lib\gradle-daemon-main-8.14.jar
Launcher Type: SUN_STANDARD

[Global flags]
     intx CICompilerCount                          = 4                                         {product} {ergonomic}
     uint ConcGCThreads                            = 3                                         {product} {ergonomic}
     uint G1ConcRefinementThreads                  = 10                                        {product} {ergonomic}
   size_t G1HeapRegionSize                         = 4194304                                   {product} {ergonomic}
    uintx GCDrainStackTargetSize                   = 64                                        {product} {ergonomic}
     bool HeapDumpOnOutOfMemoryError               = true                                   {manageable} {command line}
   size_t InitialHeapSize                          = 125829120                                 {product} {ergonomic}
   size_t MarkStackSize                            = 4194304                                   {product} {ergonomic}
   size_t MaxHeapSize                              = 8589934592                                {product} {command line}
   size_t MaxMetaspaceSize                         = 4294967296                                {product} {command line}
   size_t MaxNewSize                               = 5150605312                                {product} {ergonomic}
   size_t MinHeapDeltaBytes                        = 4194304                                   {product} {ergonomic}
   size_t MinHeapSize                              = 8388608                                   {product} {ergonomic}
    uintx NonNMethodCodeHeapSize                   = 5839372                                {pd product} {ergonomic}
    uintx NonProfiledCodeHeapSize                  = 265515770                              {pd product} {ergonomic}
    uintx ProfiledCodeHeapSize                     = 265515770                              {pd product} {ergonomic}
    uintx ReservedCodeCacheSize                    = 536870912                              {pd product} {command line}
     bool SegmentedCodeCache                       = true                                      {product} {ergonomic}
   size_t SoftMaxHeapSize                          = 8589934592                             {manageable} {ergonomic}
     bool UseCompressedOops                        = true                           {product lp64_product} {ergonomic}
     bool UseG1GC                                  = true                                      {product} {ergonomic}
     bool UseLargePagesIndividualAllocation        = false                                  {pd product} {ergonomic}

Logging:
Log output configuration:
 #0: stdout all=warning uptime,level,tags foldmultilines=false
 #1: stderr all=off uptime,level,tags foldmultilines=false

Release file:
IMPLEMENTOR="Eclipse Adoptium" 
IMPLEMENTOR_VERSION="Temurin-21.0.11+10" 
JAVA_RUNTIME_VERSION="21.0.11+10-LTS" 
JAVA_VERSION="21.0.11" 
JAVA_VERSION_DATE="2026-04-21" 
LIBC="default" 
MODULES="java.base java.compiler java.datatransfer java.xml java.prefs java.desktop java.instrument java.logging java.management java.security.sasl java.naming java.rmi java.management.rmi java.net.http java.scripting java.security.jgss java.transaction.xa java.sql java.sql.rowset java.xml.crypto java.se java.smartcardio jdk.accessibility jdk.internal.jvmstat jdk.attach jdk.charsets jdk.internal.opt jdk.zipfs jdk.compiler jdk.crypto.ec jdk.crypto.cryptoki jdk.crypto.mscapi jdk.dynalink jdk.internal.ed jdk.editpad jdk.hotspot.agent jdk.httpserver jdk.incubator.vector jdk.internal.le jdk.internal.vm.ci jdk.internal.vm.compiler jdk.internal.vm.compiler.management jdk.jartool jdk.javadoc jdk.jcmd jdk.management jdk.management.agent jdk.jconsole jdk.jdeps jdk.jdwp.agent jdk.jdi jdk.jfr jdk.jlink jdk.jpackage jdk.jshell jdk.jsobject jdk.jstatd jdk.localedata jdk.management.jfr jdk.naming.dns jdk.naming.rmi jdk.net jdk.nio.mapmode jdk.random jdk.sctp jdk.security.auth jdk.security.jgss jdk.unsupported jdk.unsupported.desktop jdk.xml.dom" 
OS_ARCH="x86_64" 
OS_NAME="Windows" 
SOURCE=".:git:254494ad7d75" 
BUILD_SOURCE="git:a612825ee82a20ac872d60958c349854c1f29a8e"
BUILD_SOURCE_REPO="https://github.com/adoptium/temurin-build.git"
SOURCE_REPO="https://github.com/adoptium/jdk21u.git"
FULL_VERSION="21.0.11+10-LTS"
SEMANTIC_VERSION="21.0.11+10"
BUILD_INFO="OS: Windows Server 2022 Version: 10.0"
JVM_VARIANT="Hotspot"
JVM_VERSION="21.0.11+10-LTS"
IMAGE_TYPE="JDK"

Environment Variables:
PATH=C:\Python314\Scripts\;C:\Python314\;C:\Program Files\Common Files\Oracle\Java\javapath;C:\Program Files\Eclipse Adoptium\jdk-17.0.11.9-hotspot\bin;C:\windows\system32;C:\windows;C:\windows\System32\Wbem;C:\windows\System32\WindowsPowerShell\v1.0\;C:\windows\System32\OpenSSH\;C:\Program Files (x86)\NVIDIA Corporation\PhysX\Common;C:\Program Files\NVIDIA Corporation\NVIDIA NvDLISR;C:\WINDOWS\system32;C:\WINDOWS;C:\WINDOWS\System32\Wbem;C:\WINDOWS\System32\WindowsPowerShell\v1.0\;C:\WINDOWS\System32\OpenSSH\;C:\Program Files\nodejs\;C:\ProgramData\chocolatey\bin;C:\Program Files\Git\cmd;C:\Program Files\GitHub CLI\;C:\Program Files\dotnet\;C:\Users\ANISH\AppData\Local\Programs\Python\Python313\Scripts\;C:\Users\ANISH\AppData\Local\Programs\Python\Python313\;C:\Users\ANISH\AppData\Local\Programs\Python\Python311\Scripts\;C:\Users\ANISH\AppData\Local\Programs\Python\Python311\;C:\Users\ANISH\AppData\Local\Microsoft\WindowsApps;C:\Users\ANISH\AppData\Local\Programs\Microsoft VS Code\bin;C:\Users\ANISH\.lmstudio\bin;C:\Users\ANISH\AppData\Roaming\npm;C:\development\flutter\flutter\bin;C:\Users\ANISH\AppData\Local\Programs\Antigravity\bin;C:\Users\ANISH\.dotnet\tools;C:\Users\ANISH\AppData\Local\Microsoft\WinGet\Packages\Genymobile.scrcpy_Microsoft.Winget.Source_8wekyb3d8bbwe\scrcpy-win64-v4.0;D:\antigravity\bin
USERNAME=ANISH
OS=Windows_NT
PROCESSOR_IDENTIFIER=AMD64 Family 25 Model 80 Stepping 0, AuthenticAMD
TMP=C:\Users\ANISH\AppData\Local\Temp
TEMP=C:\Users\ANISH\AppData\Local\Temp




Periodic native trim disabled

---------------  S Y S T E M  ---------------

OS:
 Windows 11 , 64 bit Build 26100 (10.0.26100.7920)
OS uptime: 3 days 15:54 hours
Hyper-V role detected

CPU: total 12 (initial active 12) (12 cores per cpu, 2 threads per core) family 25 model 80 stepping 0 microcode 0xa50000f, cx8, cmov, fxsr, ht, mmx, 3dnowpref, sse, sse2, sse3, ssse3, sse4a, sse4.1, sse4.2, popcnt, lzcnt, tsc, tscinvbit, avx, avx2, aes, erms, clmul, bmi1, bmi2, adx, sha, fma, vzeroupper, clflush, clflushopt, hv, rdtscp, rdpid, fsrm, f16c, cet_ss
Processor Information for the first 12 processors :
  Max Mhz: 3301, Current Mhz: 2011, Mhz Limit: 3301

Memory: 4k page, system-wide physical 7518M (398M free)
TotalPageFile size 30729M (AvailPageFile size 2M)
current process WorkingSet (physical memory assigned to process): 344M, peak: 390M
current process commit charge ("private bytes"): 451M, peak: 495M

vm_info: OpenJDK 64-Bit Server VM (21.0.11+10-LTS) for windows-amd64 JRE (21.0.11+10-LTS), built on 2026-04-21T00:00:00Z by "admin" with MS VC++ 17.12 (VS2022)

END.
